[debug] [2019-08-09T23:32:34.938Z] ----------------------------------------------------------------------
[debug] [2019-08-09T23:32:34.941Z] Command:       C:\Program Files\nodejs\node.exe C:\Users\mgara\AppData\Roaming\npm\node_modules\firebase-tools\lib\bin\firebase.js init
[debug] [2019-08-09T23:32:34.941Z] CLI Version:   7.2.2
[debug] [2019-08-09T23:32:34.941Z] Platform:      win32
[debug] [2019-08-09T23:32:34.941Z] Node Version:  v10.15.3
[debug] [2019-08-09T23:32:34.943Z] Time:          Fri Aug 09 2019 20:32:34 GMT-0300 (GMT-03:00)
[debug] [2019-08-09T23:32:34.943Z] ----------------------------------------------------------------------
[debug] 
[debug] [2019-08-09T23:32:34.953Z] > command requires scopes: ["email","openid","https://www.googleapis.com/auth/cloudplatformprojects.readonly","https://www.googleapis.com/auth/firebase","https://www.googleapis.com/auth/cloud-platform"]
[debug] [2019-08-09T23:32:34.954Z] > authorizing via signed-in user
[info] 
     ######## #### ########  ######## ########     ###     ######  ########
     ##        ##  ##     ## ##       ##     ##  ##   ##  ##       ##
     ######    ##  ########  ######   ########  #########  ######  ######
     ##        ##  ##    ##  ##       ##     ## ##     ##       ## ##
     ##       #### ##     ## ######## ########  ##     ##  ######  ########

You're about to initialize a Firebase project in this directory:

  C:\Fiap\Angular\fiap17mob_angular

Before we get started, keep in mind:

  * You are currently outside your home directory

[info] 
=== Project Setup
[info] 
[info] First, let's associate this project directory with a Firebase project.
[info] You can create multiple project aliases by running firebase use --add, 
[info] but for now we'll just set up a default project.
[info] 
[debug] [2019-08-09T23:32:41.589Z] > refreshing access token with scopes: ["email","https://www.googleapis.com/auth/cloud-platform","https://www.googleapis.com/auth/cloudplatformprojects.readonly","https://www.googleapis.com/auth/firebase","openid"]
[debug] [2019-08-09T23:32:41.590Z] >>> HTTP REQUEST POST https://www.googleapis.com/oauth2/v3/token  
 <request body omitted>
[debug] [2019-08-09T23:32:41.941Z] <<< HTTP RESPONSE 200
[debug] [2019-08-09T23:32:42.159Z] >>> HTTP REQUEST GET https://firebase.googleapis.com/v1beta1/projects?page_size=100  
 
[debug] [2019-08-09T23:32:43.690Z] <<< HTTP RESPONSE 200
[info] i  Using project angular-52901 (angular)
[info] 
=== Hosting Setup
[info] 
[info] Your public directory is the folder (relative to your project directory) that
[info] will contain Hosting assets to be uploaded with firebase deploy. If you
[info] have a build process for your assets, use your build's output directory.
[info] 
